\BOOKMARK [0][-]{Doc-Start}{Remerciements}{}% 1
\BOOKMARK [0][-]{chapter*.1}{Introduction}{}% 2
\BOOKMARK [0][-]{chapter.1}{Continental}{}% 3
\BOOKMARK [1][-]{section.1.1}{Organisation de l'entreprise}{chapter.1}% 4
\BOOKMARK [1][-]{section.1.2}{Le contexte de l'\351quipe V\351rification \046 Validation}{chapter.1}% 5
\BOOKMARK [0][-]{chapter.2}{Organisation du travail}{}% 6
\BOOKMARK [1][-]{section.2.1}{L'\351quipe de d\351veloppement}{chapter.2}% 7
\BOOKMARK [1][-]{section.2.2}{Documentation}{chapter.2}% 8
\BOOKMARK [1][-]{section.2.3}{Outils de d\351veloppement}{chapter.2}% 9
\BOOKMARK [0][-]{chapter.3}{Le probl\350me}{}% 10
\BOOKMARK [1][-]{section.3.1}{Les tests}{chapter.3}% 11
\BOOKMARK [1][-]{section.3.2}{La solution : GreenT}{chapter.3}% 12
\BOOKMARK [0][-]{chapter.4}{D\351veloppement de GreenT}{}% 13
\BOOKMARK [1][-]{section.4.1}{Fonctionnement g\351n\351ral}{chapter.4}% 14
\BOOKMARK [1][-]{section.4.2}{Le parser}{chapter.4}% 15
\BOOKMARK [1][-]{section.4.3}{Le g\351n\351rateur}{chapter.4}% 16
\BOOKMARK [1][-]{section.4.4}{L'analyse des traces et la prononciation du verdict}{chapter.4}% 17
\BOOKMARK [0][-]{appendix.A}{Glossaire}{}% 21
\BOOKMARK [0][-]{appendix.B}{Templates}{}% 22
\BOOKMARK [1][-]{section.B.1}{Template des stimulations}{appendix.B}% 23
\BOOKMARK [1][-]{section.B.2}{Template d'un GreenTTest}{appendix.B}% 24
\BOOKMARK [0][-]{appendix.C}{Exemples de fichiers g\351n\351r\351s}{}% 25
\BOOKMARK [1][-]{section.C.1}{Exemple de StimScenario}{appendix.C}% 26
\BOOKMARK [1][-]{section.C.2}{Exemple de GreenTTest}{appendix.C}% 27
\BOOKMARK [0][-]{appendix.D}{Liste des codes sources}{}% 28
\BOOKMARK [0][-]{appendix.E}{Table des figures}{}% 29
